f:\teaching\sem1\acg\lab1\lab1_acg - opengl window\debug\vc142.pdb
f:\teaching\sem1\acg\lab1\lab1_acg - opengl window\debug\vc142.idb
f:\teaching\sem1\acg\lab1\lab1_acg - opengl window\debug\main.obj
f:\teaching\sem1\acg\lab1\lab1_acg - opengl window\debug\acg_lab1.exe
f:\teaching\sem1\acg\lab1\lab1_acg - opengl window\debug\acg_lab1.ilk
f:\teaching\sem1\acg\lab1\lab1_acg - opengl window\debug\acg_lab1.pdb
c:\users\shade\desktop\lab1_acg - opengl window\debug\main.obj
c:\users\shade\desktop\lab1_acg - opengl window\debug\shader.obj
c:\users\shade\desktop\lab1_acg - opengl window\debug\acg_lab1.ilk
c:\users\shade\desktop\lab1_acg - opengl window\debug\acg_lab4.ilk
c:\users\shade\desktop\lab1_acg - opengl window\debug\lab_tgip_1.ilk
c:\users\shade\desktop\lab1_acg - opengl window\debug\vc140.idb
c:\users\shade\desktop\lab1_acg - opengl window\debug\vc142.idb
c:\users\shade\desktop\lab1_acg - opengl window\debug\acg_lab1.pdb
c:\users\shade\desktop\lab1_acg - opengl window\debug\acg_lab4.pdb
c:\users\shade\desktop\lab1_acg - opengl window\debug\lab_tgip_1.pdb
c:\users\shade\desktop\lab1_acg - opengl window\debug\vc140.pdb
c:\users\shade\desktop\lab1_acg - opengl window\debug\vc142.pdb
c:\users\shade\desktop\lab1_acg - opengl window\debug\acg_lab1.exe
c:\users\shade\desktop\lab1_acg - opengl window\debug\acg_lab1.tlog\cl.command.1.tlog
c:\users\shade\desktop\lab1_acg - opengl window\debug\acg_lab1.tlog\cl.read.1.tlog
c:\users\shade\desktop\lab1_acg - opengl window\debug\acg_lab1.tlog\cl.write.1.tlog
c:\users\shade\desktop\lab1_acg - opengl window\debug\acg_lab1.tlog\link.command.1.tlog
c:\users\shade\desktop\lab1_acg - opengl window\debug\acg_lab1.tlog\link.delete.1.tlog
c:\users\shade\desktop\lab1_acg - opengl window\debug\acg_lab1.tlog\link.read.1.tlog
c:\users\shade\desktop\lab1_acg - opengl window\debug\acg_lab1.tlog\link.write.1.tlog
